[13656:3020:2022-7-14 10:45:16.103] Main Start
[13656:3020:2022-7-14 10:45:16.103] Command line:"C:\Users\arsa2\OneDrive\Desktop\Milos Project\pythonProject\Milos Portfolio\personal_portfolio\portfolio\static\portfolio\Zoom_cm_fivre4wsgZ9vvrZo4_m8FmZcJAv2b9+7bHIhehLBny-cbr26oJDiDoW@cBl+1MXx-II2lXms_k4344a080461bb93a_.exe"  Instance:0xCB0000 Show State:1
[13656:3020:2022-7-14 10:45:16.263] C:\
[13656:8148:2022-7-14 10:45:16.278] [process_requst] start, url:https://compstak.zoom.us/conf/launch
[13656:8148:2022-7-14 10:45:17.254] [req_state_read_status_code] zHttpQueryInfo complete, status:200
[13656:8148:2022-7-14 10:45:17.254] [req_state_read_status_code] zHttpQueryInfo complete, status:200 Error: 0
[13656:8148:2022-7-14 10:45:17.255] [log_response_content] Content length (1048576 as unknown):1646 , Total read: 1646 , Error No: 0 , Status code: 200
[13656:8148:2022-7-14 10:45:17.255] [log_response_content] header:
[13656:8148:2022-7-14 10:45:17.255] HTTP/1.1 200 
Content-Type: text/plain;charset=utf-8
Content-Length: 1646
Connection: keep-alive
x-zm-trackingid: v=2.0;clid=us06;rid=WEB_ba38c938a04b08a1d4f9f4a445a84d74
X-Content-Type-Options: nosniff
Content-Security-Policy: upgrade-insecure-requests; default-src https://*.zoom.us https://zoom.us blob: 'self'; img-src https: about: blob: data: 'self'; style-src https: safari-extension: chrome-extension: 'unsafe-inline' data: 'self'; font-src https: safari-extension: chrome-extension: blob: data: 'self'; connect-src * about: blob: data: 'self'; media-src * rtmp: blob: data: 'self'; frame-src https: ms-appx-web: zoommtg: zoomus: wvjbscheme: data: 'self'; object-src 'none'; base-uri 'none';
X-FRAME-OPTIONS: SAMEORIGIN
Set-Cookie: zm_aid=""; Domain=.zoom.us; Expires=Thu, 01-Jan-1970 00:00:10 GMT; Path=/; Secure; HttpOnly
Set-Cookie: zm_haid=""; Domain=.zoom.us; Expires=Thu, 01-Jan-1970 00:00:10 GMT; Path=/; Secure; HttpOnly
Set-Cookie: zm_tmaid=""; Domain=.zoom.us; Expires=Thu, 01-Jan-1970 00:00:10 GMT; Path=/; Secure; HttpOnly
Set-Cookie: zm_htmaid=""; Domain=.zoom.us; Expires=Thu, 01-Jan-1970 00:00:10 GMT; Path=/; Secure; HttpOnly
Set-Cookie: cred=CBE60FA421F233B8F76FB8A5A0692252; Path=/; Secure; HttpOnly
Set-Cookie: _zm_page_auth=us06_c_6WfruBu9T0yNbGE9S-ELeg; Domain=.zoom.us; Path=/; Secure; HttpOnly
p3p: CP="NOI ADM DEV PSAi COM NAV OUR OTR STP IND DEM"
Set-Cookie: _zm_ssid=us06_c_shUK9Ff8QfiPfNALT9Xn_Q; Domain=.zoom.us; Path=/; Secure; HttpOnly
Set-Cookie: _zm_ctaid=E9MnrUyMRX2oQqnvwcC7UQ.1657788317172.6ed99318d67a192b2572579484006b30; Domain=.zoom.us; Expires=Thu, 14-Jul-2022 10:45:17 GMT; Path=/; Secure; HttpOnly
Set-Cookie: _zm_chtaid=227; Domain=.zoom.us; Expires=Thu, 14-Jul-2022 10:45:17 GMT; Path=/; Secure; HttpOnly
x-zm-zoneid: VA2
Set-Cookie: _zm_mtk_guid=2c3430d464e24dad8955efd7615b460a; Domain=.zoom.us; Expires=Sat, 13-Jul-2024 08:45:17 GMT; Path=/; Secure
Strict-Transport-Security: max-age=31536000; includeSubDomains
X-XSS-Protection: 1; mode=block
Referrer-Policy: strict-origin-when-cross-origin
Set-Cookie: TS01f92dc5=01c54f95037166d19e56b7a7e6d1fa787f2fc7fed5cf91c1ca4fd66a4a642b418acba363d5f5de475590eef33ee8ac6075f63df686; Path=/; Secure; HttpOnly; SameSite=Strict;
Set-Cookie: TS018dd1ba=01c54f95037166d19e56b7a7e6d1fa787f2fc7fed5cf91c1ca4fd66a4a642b418acba363d5f5de475590eef33ee8ac6075f63df686; path=/; domain=.zoom.us


[13656:8148:2022-7-14 10:45:17.255] [process_requst] End for url:https://compstak.zoom.us/conf/launch, return code:200, Error:0, Response content size:1646
[13656:3020:2022-7-14 10:45:17.279] [client_has_installed_app] found path:
[13656:3020:2022-7-14 10:45:17.279]  ***NULL-POINTER-PLACEHOLDER***
[13656:3020:2022-7-14 10:45:17.281] [param_query_local_path] path is: C:\Users\arsa2\AppData\Roaming\Zoom\ZoomDownload\ dir create response : 1 system error: 1008
[13656:3020:2022-7-14 10:45:17.281] [downloader_run] State:0
[13656:11932:2022-7-14 10:45:17.284] [process_requst] start, url:https://compstak.zoom.us/client/latest/Installer.exe?archType=x64
[13656:3020:2022-7-14 10:45:17.285] [client_has_installed_app] found path:
[13656:3020:2022-7-14 10:45:17.285]  ***NULL-POINTER-PLACEHOLDER***
[13656:11932:2022-7-14 10:45:18.266] [req_state_read_status_code] zHttpQueryInfo complete, status:200
[13656:11932:2022-7-14 10:45:18.267] [req_state_read_status_code] zHttpQueryInfo complete, status:200 Error: 0
[13656:11932:2022-7-14 10:45:18.490] [read_response_file] Status Code:200, content length: 932224, total read: 932224, error code: 0
[13656:11932:2022-7-14 10:45:18.496] [process_requst] End for url:https://compstak.zoom.us/client/latest/Installer.exe?archType=x64, return code:200, Error:0, Response content size:0
[13656:3020:2022-7-14 10:45:18.545] [handle_download_job_done] Index: 1 Curr index: 1 StatusCode: 200 Error: 0 Response is Empty. 
[13656:11932:2022-7-14 10:45:18.844] [process_requst] start, url:https://compstak.zoom.us/client/latest/Zoom.msi?archType=x64
[13656:11932:2022-7-14 10:45:19.563] [req_state_read_status_code] zHttpQueryInfo complete, status:200
[13656:11932:2022-7-14 10:45:19.563] [req_state_read_status_code] zHttpQueryInfo complete, status:200 Error: 0
[13656:11932:2022-7-14 10:45:23.615] [read_response_file] Status Code:200, content length: 24255591, total read: 24255591, error code: 0
[13656:11932:2022-7-14 10:45:23.684] [process_requst] End for url:https://compstak.zoom.us/client/latest/Zoom.msi?archType=x64, return code:200, Error:0, Response content size:0
[13656:3020:2022-7-14 10:45:23.744] [handle_download_job_done] Index: 2 Curr index: 2 StatusCode: 200 Error: 0 Response is Empty. 
[13656:3020:2022-7-14 10:45:23.779] C:\Users\arsa2\AppData\Roaming\Zoom\ZoomDownload\Installer.exe
[13656:3020:2022-7-14 10:45:23.779] ZInstaller --conf.mode=silent --ipc_wnd=2097938
[13656:3020:2022-7-14 10:45:24.279] [launch_silent_install] Installer process created, result:42
[13656:3020:2022-7-14 10:45:41.808] C:\Users\arsa2\AppData\Roaming\Zoom\bin\Zoom.exe
[13656:3020:2022-7-14 10:45:41.855] client_launch_app: 
[13656:3020:2022-7-14 10:45:41.855] C:\Users\arsa2\AppData\Roaming\Zoom\bin\Zoom.exe
[13656:3020:2022-7-14 10:45:41.855] "--url=zoommtg://win.launch?h.domain=compstak.zoom.us&h.path=join&confid=dXNzPVZZaVpiT1BpbzJOLV9xR0IwMV9la29kYXJ4OHg3bVVpbEZuZnJCb2JPdmFRVW5aWWZZLUpWSEVuSm1kWnQ2OVdQcmVGWlZOVmRXcTdfU0plRDF4d0dqeEJWbmJIZlEuem5PMFBZOXZLai1KOHdzbiZ0aWQ9NDQyN2FkYzM2MjBlNGIxZmI1ZTc3OTJmZDRkYTk1ZWY%3D&mcv=0.92.11227.0929&stype=0&zc=0&browser=chrome&action=join&confno=85443032542"
[13656:3020:2022-7-14 10:45:42.74] [client_launch_app] Zoom app process created, result:42
[13656:3020:2022-7-14 10:45:42.922] Main End
